10:36:09 INFO  : Registering command handlers for SDK TCF services
10:36:10 INFO  : Launching XSCT server: xsct.bat -interactive C:\Users\solbj\AppData\Roaming\Xilinx\Projects\minized_mic\MINIZED_2019_1\minized_mic.sdk\temp_xsdb_launch_script.tcl
10:36:14 INFO  : XSCT server has started successfully.
10:36:18 INFO  : Successfully done setting XSCT server connection channel  
10:36:18 INFO  : Processing command line option -hwspec C:/Users/solbj/AppData/Roaming/Xilinx/Projects/minized_mic/MINIZED_2019_1/minized_mic.sdk/minized_mic_wrapper.hdf.
10:36:18 INFO  : Successfully done setting SDK workspace  
10:38:20 INFO  : Connected to target on host '127.0.0.1' and port '3121'.
10:38:21 INFO  : 'targets -set -filter {jtag_cable_name =~ "Avnet MiniZed V1 1234-oj1A" && level==0} -index 1' command is executed.
10:38:22 INFO  : FPGA configured successfully with bitstream "C:/Users/solbj/AppData/Roaming/Xilinx/Projects/minized_mic/MINIZED_2019_1/minized_mic.sdk/minized_mic_wrapper_hw_platform_0/minized_mic_wrapper.bit"
10:38:37 INFO  : 'targets -set -filter {jtag_cable_name =~ "Avnet MiniZed V1 1234-oj1A" && level==0} -index 1' command is executed.
10:38:37 INFO  : 'fpga -state' command is executed.
10:38:37 INFO  : Connected to target on host '127.0.0.1' and port '3121'.
10:38:38 INFO  : Jtag cable 'Avnet MiniZed V1 1234-oj1A' is selected.
10:38:38 INFO  : 'jtag frequency' command is executed.
10:38:38 INFO  : Sourcing of 'C:/Users/solbj/AppData/Roaming/Xilinx/Projects/minized_mic/MINIZED_2019_1/minized_mic.sdk/minized_mic_wrapper_hw_platform_0/ps7_init.tcl' is done.
10:38:38 INFO  : Context for 'APU' is selected.
10:38:38 INFO  : Hardware design information is loaded from 'C:/Users/solbj/AppData/Roaming/Xilinx/Projects/minized_mic/MINIZED_2019_1/minized_mic.sdk/minized_mic_wrapper_hw_platform_0/system.hdf'.
10:38:38 INFO  : 'configparams force-mem-access 1' command is executed.
10:38:38 INFO  : Context for 'APU' is selected.
10:38:38 INFO  : 'stop' command is executed.
10:38:38 INFO  : 'ps7_init' command is executed.
10:38:38 INFO  : 'ps7_post_config' command is executed.
10:38:38 INFO  : Context for processor 'ps7_cortexa9_0' is selected.
10:38:38 INFO  : Processor reset is completed for 'ps7_cortexa9_0'.
10:38:38 INFO  : Context for processor 'ps7_cortexa9_0' is selected.
10:38:39 INFO  : The application 'C:/Users/solbj/AppData/Roaming/Xilinx/Projects/minized_mic/MINIZED_2019_1/minized_mic.sdk/Hello/Debug/Hello.elf' is downloaded to processor 'ps7_cortexa9_0'.
10:38:39 INFO  : 'configparams force-mem-access 0' command is executed.
10:38:39 INFO  : ----------------XSDB Script----------------
connect -url tcp:127.0.0.1:3121
source C:/Users/solbj/AppData/Roaming/Xilinx/Projects/minized_mic/MINIZED_2019_1/minized_mic.sdk/minized_mic_wrapper_hw_platform_0/ps7_init.tcl
targets -set -nocase -filter {name =~"APU*" && jtag_cable_name =~ "Avnet MiniZed V1 1234-oj1A"} -index 0
loadhw -hw C:/Users/solbj/AppData/Roaming/Xilinx/Projects/minized_mic/MINIZED_2019_1/minized_mic.sdk/minized_mic_wrapper_hw_platform_0/system.hdf -mem-ranges [list {0x40000000 0xbfffffff}]
configparams force-mem-access 1
targets -set -nocase -filter {name =~"APU*" && jtag_cable_name =~ "Avnet MiniZed V1 1234-oj1A"} -index 0
stop
ps7_init
ps7_post_config
targets -set -nocase -filter {name =~ "ARM*#0" && jtag_cable_name =~ "Avnet MiniZed V1 1234-oj1A"} -index 0
rst -processor
targets -set -nocase -filter {name =~ "ARM*#0" && jtag_cable_name =~ "Avnet MiniZed V1 1234-oj1A"} -index 0
dow C:/Users/solbj/AppData/Roaming/Xilinx/Projects/minized_mic/MINIZED_2019_1/minized_mic.sdk/Hello/Debug/Hello.elf
configparams force-mem-access 0
----------------End of Script----------------

10:38:39 INFO  : Memory regions updated for context APU
10:38:39 INFO  : Context for processor 'ps7_cortexa9_0' is selected.
10:38:39 INFO  : 'con' command is executed.
10:38:39 INFO  : ----------------XSDB Script (After Launch)----------------
targets -set -nocase -filter {name =~ "ARM*#0" && jtag_cable_name =~ "Avnet MiniZed V1 1234-oj1A"} -index 0
con
----------------End of Script----------------

10:38:39 INFO  : Launch script is exported to file 'C:\Users\solbj\AppData\Roaming\Xilinx\Projects\minized_mic\MINIZED_2019_1\minized_mic.sdk\.sdk\launch_scripts\xilinx_c-c++_application_(system_debugger)\system_debugger_using_debug_hello.elf_on_local.tcl'
10:39:48 INFO  : Connected to target on host '127.0.0.1' and port '3121'.
10:39:48 INFO  : 'targets -set -filter {jtag_cable_name =~ "Avnet MiniZed V1 1234-oj1A" && level==0} -index 1' command is executed.
10:39:49 INFO  : FPGA configured successfully with bitstream "C:/Users/solbj/AppData/Roaming/Xilinx/Projects/minized_mic/MINIZED_2019_1/minized_mic.sdk/minized_mic_wrapper_hw_platform_0/minized_mic_wrapper.bit"
10:39:59 INFO  : Disconnected from the channel tcfchan#1.
10:40:01 INFO  : 'targets -set -filter {jtag_cable_name =~ "Avnet MiniZed V1 1234-oj1A" && level==0} -index 1' command is executed.
10:40:01 INFO  : 'fpga -state' command is executed.
10:40:01 INFO  : Connected to target on host '127.0.0.1' and port '3121'.
10:40:01 INFO  : Jtag cable 'Avnet MiniZed V1 1234-oj1A' is selected.
10:40:01 INFO  : 'jtag frequency' command is executed.
10:40:01 INFO  : Sourcing of 'C:/Users/solbj/AppData/Roaming/Xilinx/Projects/minized_mic/MINIZED_2019_1/minized_mic.sdk/minized_mic_wrapper_hw_platform_0/ps7_init.tcl' is done.
10:40:01 INFO  : Context for 'APU' is selected.
10:40:05 INFO  : Hardware design information is loaded from 'C:/Users/solbj/AppData/Roaming/Xilinx/Projects/minized_mic/MINIZED_2019_1/minized_mic.sdk/minized_mic_wrapper_hw_platform_0/system.hdf'.
10:40:05 INFO  : 'configparams force-mem-access 1' command is executed.
10:40:05 INFO  : Context for 'APU' is selected.
10:40:05 INFO  : 'stop' command is executed.
10:40:05 INFO  : 'ps7_init' command is executed.
10:40:05 INFO  : 'ps7_post_config' command is executed.
10:40:05 INFO  : Context for processor 'ps7_cortexa9_0' is selected.
10:40:05 INFO  : Processor reset is completed for 'ps7_cortexa9_0'.
10:40:05 INFO  : Context for processor 'ps7_cortexa9_0' is selected.
10:40:05 INFO  : The application 'C:/Users/solbj/AppData/Roaming/Xilinx/Projects/minized_mic/MINIZED_2019_1/minized_mic.sdk/test/Debug/test.elf' is downloaded to processor 'ps7_cortexa9_0'.
10:40:05 INFO  : 'configparams force-mem-access 0' command is executed.
10:40:05 INFO  : ----------------XSDB Script----------------
connect -url tcp:127.0.0.1:3121
source C:/Users/solbj/AppData/Roaming/Xilinx/Projects/minized_mic/MINIZED_2019_1/minized_mic.sdk/minized_mic_wrapper_hw_platform_0/ps7_init.tcl
targets -set -nocase -filter {name =~"APU*" && jtag_cable_name =~ "Avnet MiniZed V1 1234-oj1A"} -index 0
loadhw -hw C:/Users/solbj/AppData/Roaming/Xilinx/Projects/minized_mic/MINIZED_2019_1/minized_mic.sdk/minized_mic_wrapper_hw_platform_0/system.hdf -mem-ranges [list {0x40000000 0xbfffffff}]
configparams force-mem-access 1
targets -set -nocase -filter {name =~"APU*" && jtag_cable_name =~ "Avnet MiniZed V1 1234-oj1A"} -index 0
stop
ps7_init
ps7_post_config
targets -set -nocase -filter {name =~ "ARM*#0" && jtag_cable_name =~ "Avnet MiniZed V1 1234-oj1A"} -index 0
rst -processor
targets -set -nocase -filter {name =~ "ARM*#0" && jtag_cable_name =~ "Avnet MiniZed V1 1234-oj1A"} -index 0
dow C:/Users/solbj/AppData/Roaming/Xilinx/Projects/minized_mic/MINIZED_2019_1/minized_mic.sdk/test/Debug/test.elf
configparams force-mem-access 0
----------------End of Script----------------

10:40:05 INFO  : Memory regions updated for context APU
10:40:06 INFO  : Context for processor 'ps7_cortexa9_0' is selected.
10:40:06 INFO  : 'con' command is executed.
10:40:06 INFO  : ----------------XSDB Script (After Launch)----------------
targets -set -nocase -filter {name =~ "ARM*#0" && jtag_cable_name =~ "Avnet MiniZed V1 1234-oj1A"} -index 0
con
----------------End of Script----------------

10:40:06 INFO  : Launch script is exported to file 'C:\Users\solbj\AppData\Roaming\Xilinx\Projects\minized_mic\MINIZED_2019_1\minized_mic.sdk\.sdk\launch_scripts\xilinx_c-c++_application_(system_debugger)\system_debugger_using_debug_test.elf_on_local.tcl'
10:40:27 INFO  : Disconnected from the channel tcfchan#2.
10:40:29 INFO  : 'targets -set -filter {jtag_cable_name =~ "Avnet MiniZed V1 1234-oj1A" && level==0} -index 1' command is executed.
10:40:29 INFO  : 'fpga -state' command is executed.
10:40:29 INFO  : Connected to target on host '127.0.0.1' and port '3121'.
10:40:29 INFO  : Jtag cable 'Avnet MiniZed V1 1234-oj1A' is selected.
10:40:29 INFO  : 'jtag frequency' command is executed.
10:40:29 INFO  : Sourcing of 'C:/Users/solbj/AppData/Roaming/Xilinx/Projects/minized_mic/MINIZED_2019_1/minized_mic.sdk/minized_mic_wrapper_hw_platform_0/ps7_init.tcl' is done.
10:40:29 INFO  : Context for 'APU' is selected.
10:40:33 INFO  : Hardware design information is loaded from 'C:/Users/solbj/AppData/Roaming/Xilinx/Projects/minized_mic/MINIZED_2019_1/minized_mic.sdk/minized_mic_wrapper_hw_platform_0/system.hdf'.
10:40:33 INFO  : 'configparams force-mem-access 1' command is executed.
10:40:33 INFO  : Context for 'APU' is selected.
10:40:33 INFO  : 'stop' command is executed.
10:40:33 INFO  : 'ps7_init' command is executed.
10:40:33 INFO  : 'ps7_post_config' command is executed.
10:40:33 INFO  : Context for processor 'ps7_cortexa9_0' is selected.
10:40:33 INFO  : Processor reset is completed for 'ps7_cortexa9_0'.
10:40:33 INFO  : Context for processor 'ps7_cortexa9_0' is selected.
10:40:33 INFO  : The application 'C:/Users/solbj/AppData/Roaming/Xilinx/Projects/minized_mic/MINIZED_2019_1/minized_mic.sdk/Hello/Debug/Hello.elf' is downloaded to processor 'ps7_cortexa9_0'.
10:40:33 INFO  : 'configparams force-mem-access 0' command is executed.
10:40:33 INFO  : ----------------XSDB Script----------------
connect -url tcp:127.0.0.1:3121
source C:/Users/solbj/AppData/Roaming/Xilinx/Projects/minized_mic/MINIZED_2019_1/minized_mic.sdk/minized_mic_wrapper_hw_platform_0/ps7_init.tcl
targets -set -nocase -filter {name =~"APU*" && jtag_cable_name =~ "Avnet MiniZed V1 1234-oj1A"} -index 0
loadhw -hw C:/Users/solbj/AppData/Roaming/Xilinx/Projects/minized_mic/MINIZED_2019_1/minized_mic.sdk/minized_mic_wrapper_hw_platform_0/system.hdf -mem-ranges [list {0x40000000 0xbfffffff}]
configparams force-mem-access 1
targets -set -nocase -filter {name =~"APU*" && jtag_cable_name =~ "Avnet MiniZed V1 1234-oj1A"} -index 0
stop
ps7_init
ps7_post_config
targets -set -nocase -filter {name =~ "ARM*#0" && jtag_cable_name =~ "Avnet MiniZed V1 1234-oj1A"} -index 0
rst -processor
targets -set -nocase -filter {name =~ "ARM*#0" && jtag_cable_name =~ "Avnet MiniZed V1 1234-oj1A"} -index 0
dow C:/Users/solbj/AppData/Roaming/Xilinx/Projects/minized_mic/MINIZED_2019_1/minized_mic.sdk/Hello/Debug/Hello.elf
configparams force-mem-access 0
----------------End of Script----------------

10:40:33 INFO  : Memory regions updated for context APU
10:40:34 INFO  : Context for processor 'ps7_cortexa9_0' is selected.
10:40:34 INFO  : 'con' command is executed.
10:40:34 INFO  : ----------------XSDB Script (After Launch)----------------
targets -set -nocase -filter {name =~ "ARM*#0" && jtag_cable_name =~ "Avnet MiniZed V1 1234-oj1A"} -index 0
con
----------------End of Script----------------

10:40:34 INFO  : Launch script is exported to file 'C:\Users\solbj\AppData\Roaming\Xilinx\Projects\minized_mic\MINIZED_2019_1\minized_mic.sdk\.sdk\launch_scripts\xilinx_c-c++_application_(system_debugger)\system_debugger_using_debug_hello.elf_on_local.tcl'
11:08:18 INFO  : Disconnected from the channel tcfchan#3.
14:26:04 INFO  : Launching XSCT server: xsct.bat -interactive C:\Users\solbj\AppData\Roaming\Xilinx\Projects\minized_mic\MINIZED_2019_1\minized_mic.sdk\temp_xsdb_launch_script.tcl
14:26:06 INFO  : XSCT server has started successfully.
14:26:06 INFO  : Successfully done setting XSCT server connection channel  
14:26:06 INFO  : Successfully done setting SDK workspace  
14:26:13 INFO  : Registering command handlers for SDK TCF services
14:26:13 INFO  : Processing command line option -hwspec C:/Users/solbj/AppData/Roaming/Xilinx/Projects/minized_mic/MINIZED_2019_1/minized_mic.sdk/minized_mic_wrapper.hdf.
14:26:14 INFO  : Checking for hwspec changes in the project minized_mic_wrapper_hw_platform_0.
14:26:25 INFO  : Connected to target on host '127.0.0.1' and port '3121'.
14:26:25 INFO  : 'targets -set -filter {jtag_cable_name =~ "Avnet MiniZed V1 1234-oj1A" && level==0} -index 1' command is executed.
14:26:27 INFO  : FPGA configured successfully with bitstream "C:/Users/solbj/AppData/Roaming/Xilinx/Projects/minized_mic/MINIZED_2019_1/minized_mic.sdk/minized_mic_wrapper_hw_platform_0/minized_mic_wrapper.bit"
14:26:34 INFO  : 'targets -set -filter {jtag_cable_name =~ "Avnet MiniZed V1 1234-oj1A" && level==0} -index 1' command is executed.
14:26:34 INFO  : 'fpga -state' command is executed.
14:26:34 INFO  : Connected to target on host '127.0.0.1' and port '3121'.
14:26:34 INFO  : Jtag cable 'Avnet MiniZed V1 1234-oj1A' is selected.
14:26:34 INFO  : 'jtag frequency' command is executed.
14:26:34 INFO  : Sourcing of 'C:/Users/solbj/AppData/Roaming/Xilinx/Projects/minized_mic/MINIZED_2019_1/minized_mic.sdk/minized_mic_wrapper_hw_platform_0/ps7_init.tcl' is done.
14:26:34 INFO  : Context for 'APU' is selected.
14:26:34 INFO  : Hardware design information is loaded from 'C:/Users/solbj/AppData/Roaming/Xilinx/Projects/minized_mic/MINIZED_2019_1/minized_mic.sdk/minized_mic_wrapper_hw_platform_0/system.hdf'.
14:26:34 INFO  : 'configparams force-mem-access 1' command is executed.
14:26:34 INFO  : Context for 'APU' is selected.
14:26:34 INFO  : 'stop' command is executed.
14:26:35 INFO  : 'ps7_init' command is executed.
14:26:35 INFO  : 'ps7_post_config' command is executed.
14:26:35 INFO  : Context for processor 'ps7_cortexa9_0' is selected.
14:26:35 INFO  : Processor reset is completed for 'ps7_cortexa9_0'.
14:26:35 INFO  : Context for processor 'ps7_cortexa9_0' is selected.
14:26:35 INFO  : The application 'C:/Users/solbj/AppData/Roaming/Xilinx/Projects/minized_mic/MINIZED_2019_1/minized_mic.sdk/test/Debug/test.elf' is downloaded to processor 'ps7_cortexa9_0'.
14:26:35 INFO  : 'configparams force-mem-access 0' command is executed.
14:26:35 INFO  : ----------------XSDB Script----------------
connect -url tcp:127.0.0.1:3121
source C:/Users/solbj/AppData/Roaming/Xilinx/Projects/minized_mic/MINIZED_2019_1/minized_mic.sdk/minized_mic_wrapper_hw_platform_0/ps7_init.tcl
targets -set -nocase -filter {name =~"APU*" && jtag_cable_name =~ "Avnet MiniZed V1 1234-oj1A"} -index 0
loadhw -hw C:/Users/solbj/AppData/Roaming/Xilinx/Projects/minized_mic/MINIZED_2019_1/minized_mic.sdk/minized_mic_wrapper_hw_platform_0/system.hdf -mem-ranges [list {0x40000000 0xbfffffff}]
configparams force-mem-access 1
targets -set -nocase -filter {name =~"APU*" && jtag_cable_name =~ "Avnet MiniZed V1 1234-oj1A"} -index 0
stop
ps7_init
ps7_post_config
targets -set -nocase -filter {name =~ "ARM*#0" && jtag_cable_name =~ "Avnet MiniZed V1 1234-oj1A"} -index 0
rst -processor
targets -set -nocase -filter {name =~ "ARM*#0" && jtag_cable_name =~ "Avnet MiniZed V1 1234-oj1A"} -index 0
dow C:/Users/solbj/AppData/Roaming/Xilinx/Projects/minized_mic/MINIZED_2019_1/minized_mic.sdk/test/Debug/test.elf
configparams force-mem-access 0
----------------End of Script----------------

14:26:35 INFO  : Memory regions updated for context APU
14:26:35 INFO  : Context for processor 'ps7_cortexa9_0' is selected.
14:26:35 INFO  : 'con' command is executed.
14:26:35 INFO  : ----------------XSDB Script (After Launch)----------------
targets -set -nocase -filter {name =~ "ARM*#0" && jtag_cable_name =~ "Avnet MiniZed V1 1234-oj1A"} -index 0
con
----------------End of Script----------------

14:26:35 INFO  : Launch script is exported to file 'C:\Users\solbj\AppData\Roaming\Xilinx\Projects\minized_mic\MINIZED_2019_1\minized_mic.sdk\.sdk\launch_scripts\xilinx_c-c++_application_(system_debugger)\system_debugger_using_debug_test.elf_on_local.tcl'
14:27:30 INFO  : Disconnected from the channel tcfchan#1.
14:27:31 INFO  : 'targets -set -filter {jtag_cable_name =~ "Avnet MiniZed V1 1234-oj1A" && level==0} -index 1' command is executed.
14:27:31 INFO  : 'fpga -state' command is executed.
14:27:31 INFO  : Connected to target on host '127.0.0.1' and port '3121'.
14:27:32 INFO  : Jtag cable 'Avnet MiniZed V1 1234-oj1A' is selected.
14:27:32 INFO  : 'jtag frequency' command is executed.
14:27:32 INFO  : Sourcing of 'C:/Users/solbj/AppData/Roaming/Xilinx/Projects/minized_mic/MINIZED_2019_1/minized_mic.sdk/minized_mic_wrapper_hw_platform_0/ps7_init.tcl' is done.
14:27:32 INFO  : Context for 'APU' is selected.
14:27:35 INFO  : Hardware design information is loaded from 'C:/Users/solbj/AppData/Roaming/Xilinx/Projects/minized_mic/MINIZED_2019_1/minized_mic.sdk/minized_mic_wrapper_hw_platform_0/system.hdf'.
14:27:35 INFO  : 'configparams force-mem-access 1' command is executed.
14:27:35 INFO  : Context for 'APU' is selected.
14:27:36 INFO  : 'stop' command is executed.
14:27:36 INFO  : 'ps7_init' command is executed.
14:27:36 INFO  : 'ps7_post_config' command is executed.
14:27:36 INFO  : Context for processor 'ps7_cortexa9_0' is selected.
14:27:36 INFO  : Processor reset is completed for 'ps7_cortexa9_0'.
14:27:36 INFO  : Context for processor 'ps7_cortexa9_0' is selected.
14:27:36 INFO  : The application 'C:/Users/solbj/AppData/Roaming/Xilinx/Projects/minized_mic/MINIZED_2019_1/minized_mic.sdk/Hello/Debug/Hello.elf' is downloaded to processor 'ps7_cortexa9_0'.
14:27:36 INFO  : 'configparams force-mem-access 0' command is executed.
14:27:36 INFO  : ----------------XSDB Script----------------
connect -url tcp:127.0.0.1:3121
source C:/Users/solbj/AppData/Roaming/Xilinx/Projects/minized_mic/MINIZED_2019_1/minized_mic.sdk/minized_mic_wrapper_hw_platform_0/ps7_init.tcl
targets -set -nocase -filter {name =~"APU*" && jtag_cable_name =~ "Avnet MiniZed V1 1234-oj1A"} -index 0
loadhw -hw C:/Users/solbj/AppData/Roaming/Xilinx/Projects/minized_mic/MINIZED_2019_1/minized_mic.sdk/minized_mic_wrapper_hw_platform_0/system.hdf -mem-ranges [list {0x40000000 0xbfffffff}]
configparams force-mem-access 1
targets -set -nocase -filter {name =~"APU*" && jtag_cable_name =~ "Avnet MiniZed V1 1234-oj1A"} -index 0
stop
ps7_init
ps7_post_config
targets -set -nocase -filter {name =~ "ARM*#0" && jtag_cable_name =~ "Avnet MiniZed V1 1234-oj1A"} -index 0
rst -processor
targets -set -nocase -filter {name =~ "ARM*#0" && jtag_cable_name =~ "Avnet MiniZed V1 1234-oj1A"} -index 0
dow C:/Users/solbj/AppData/Roaming/Xilinx/Projects/minized_mic/MINIZED_2019_1/minized_mic.sdk/Hello/Debug/Hello.elf
configparams force-mem-access 0
----------------End of Script----------------

14:27:36 INFO  : Memory regions updated for context APU
14:27:36 INFO  : Context for processor 'ps7_cortexa9_0' is selected.
14:27:36 INFO  : 'con' command is executed.
14:27:36 INFO  : ----------------XSDB Script (After Launch)----------------
targets -set -nocase -filter {name =~ "ARM*#0" && jtag_cable_name =~ "Avnet MiniZed V1 1234-oj1A"} -index 0
con
----------------End of Script----------------

14:27:36 INFO  : Launch script is exported to file 'C:\Users\solbj\AppData\Roaming\Xilinx\Projects\minized_mic\MINIZED_2019_1\minized_mic.sdk\.sdk\launch_scripts\xilinx_c-c++_application_(system_debugger)\system_debugger_using_debug_hello.elf_on_local.tcl'
19:06:19 INFO  : Disconnected from the channel tcfchan#2.
22:47:39 INFO  : Launching XSCT server: xsct.bat -interactive C:\Users\solbj\AppData\Roaming\Xilinx\Projects\minized_mic\MINIZED_2019_1\minized_mic.sdk\temp_xsdb_launch_script.tcl
22:47:41 INFO  : XSCT server has started successfully.
22:47:41 INFO  : Successfully done setting XSCT server connection channel  
22:47:41 INFO  : Successfully done setting SDK workspace  
22:47:49 INFO  : Registering command handlers for SDK TCF services
22:47:49 INFO  : Processing command line option -hwspec C:/Users/solbj/AppData/Roaming/Xilinx/Projects/minized_mic/MINIZED_2019_1/minized_mic.sdk/minized_mic_wrapper.hdf.
22:47:50 INFO  : Checking for hwspec changes in the project minized_mic_wrapper_hw_platform_0.
22:48:05 INFO  : Connected to target on host '127.0.0.1' and port '3121'.
22:48:05 INFO  : 'targets -set -filter {jtag_cable_name =~ "Avnet MiniZed V1 1234-oj1A" && level==0} -index 1' command is executed.
22:48:06 INFO  : FPGA configured successfully with bitstream "C:/Users/solbj/AppData/Roaming/Xilinx/Projects/minized_mic/MINIZED_2019_1/minized_mic.sdk/minized_mic_wrapper_hw_platform_0/minized_mic_wrapper.bit"
22:48:28 INFO  : 'targets -set -filter {jtag_cable_name =~ "Avnet MiniZed V1 1234-oj1A" && level==0} -index 1' command is executed.
22:48:28 INFO  : 'fpga -state' command is executed.
22:48:28 INFO  : Connected to target on host '127.0.0.1' and port '3121'.
22:48:28 INFO  : Jtag cable 'Avnet MiniZed V1 1234-oj1A' is selected.
22:48:28 INFO  : 'jtag frequency' command is executed.
22:48:28 INFO  : Sourcing of 'C:/Users/solbj/AppData/Roaming/Xilinx/Projects/minized_mic/MINIZED_2019_1/minized_mic.sdk/minized_mic_wrapper_hw_platform_0/ps7_init.tcl' is done.
22:48:28 INFO  : Context for 'APU' is selected.
22:48:29 INFO  : Hardware design information is loaded from 'C:/Users/solbj/AppData/Roaming/Xilinx/Projects/minized_mic/MINIZED_2019_1/minized_mic.sdk/minized_mic_wrapper_hw_platform_0/system.hdf'.
22:48:29 INFO  : 'configparams force-mem-access 1' command is executed.
22:48:29 INFO  : Context for 'APU' is selected.
22:48:29 INFO  : 'stop' command is executed.
22:48:29 INFO  : 'ps7_init' command is executed.
22:48:29 INFO  : 'ps7_post_config' command is executed.
22:48:29 INFO  : Context for processor 'ps7_cortexa9_0' is selected.
22:48:29 INFO  : Processor reset is completed for 'ps7_cortexa9_0'.
22:48:29 INFO  : Context for processor 'ps7_cortexa9_0' is selected.
22:48:29 INFO  : The application 'C:/Users/solbj/AppData/Roaming/Xilinx/Projects/minized_mic/MINIZED_2019_1/minized_mic.sdk/Hello/Debug/Hello.elf' is downloaded to processor 'ps7_cortexa9_0'.
22:48:29 INFO  : 'configparams force-mem-access 0' command is executed.
22:48:29 INFO  : ----------------XSDB Script----------------
connect -url tcp:127.0.0.1:3121
source C:/Users/solbj/AppData/Roaming/Xilinx/Projects/minized_mic/MINIZED_2019_1/minized_mic.sdk/minized_mic_wrapper_hw_platform_0/ps7_init.tcl
targets -set -nocase -filter {name =~"APU*" && jtag_cable_name =~ "Avnet MiniZed V1 1234-oj1A"} -index 0
loadhw -hw C:/Users/solbj/AppData/Roaming/Xilinx/Projects/minized_mic/MINIZED_2019_1/minized_mic.sdk/minized_mic_wrapper_hw_platform_0/system.hdf -mem-ranges [list {0x40000000 0xbfffffff}]
configparams force-mem-access 1
targets -set -nocase -filter {name =~"APU*" && jtag_cable_name =~ "Avnet MiniZed V1 1234-oj1A"} -index 0
stop
ps7_init
ps7_post_config
targets -set -nocase -filter {name =~ "ARM*#0" && jtag_cable_name =~ "Avnet MiniZed V1 1234-oj1A"} -index 0
rst -processor
targets -set -nocase -filter {name =~ "ARM*#0" && jtag_cable_name =~ "Avnet MiniZed V1 1234-oj1A"} -index 0
dow C:/Users/solbj/AppData/Roaming/Xilinx/Projects/minized_mic/MINIZED_2019_1/minized_mic.sdk/Hello/Debug/Hello.elf
configparams force-mem-access 0
----------------End of Script----------------

22:48:29 INFO  : Memory regions updated for context APU
22:48:30 INFO  : Context for processor 'ps7_cortexa9_0' is selected.
22:48:30 INFO  : 'con' command is executed.
22:48:30 INFO  : ----------------XSDB Script (After Launch)----------------
targets -set -nocase -filter {name =~ "ARM*#0" && jtag_cable_name =~ "Avnet MiniZed V1 1234-oj1A"} -index 0
con
----------------End of Script----------------

22:48:30 INFO  : Launch script is exported to file 'C:\Users\solbj\AppData\Roaming\Xilinx\Projects\minized_mic\MINIZED_2019_1\minized_mic.sdk\.sdk\launch_scripts\xilinx_c-c++_application_(system_debugger)\system_debugger_using_debug_hello.elf_on_local.tcl'
23:42:59 INFO  : Disconnected from the channel tcfchan#1.
