
+------------------+------------------------------------+
| Setting          |     Configuration                  |
+------------------+------------------------------------+
| Board            |     MINIZED                        |
+------------------+------------------------------------+
| Project          |     minized_mic                    |
+------------------+------------------------------------+
| SDK              |     no                             |
+------------------+------------------------------------+
| No Close Project |     no                             |
+------------------+------------------------------------+
| Version override |     no                             |
+------------------+------------------------------------+



Your Build Took
seconds [819]

or a total of:

days [0]
hrs  [0]
min  [13]
sec  [39]

to complete